<?xml version="1.0" encoding="UTF-8"?>
<!-- Generated by org.testng.reporters.JUnitReportReporter -->
<testsuite hostname="Bassams-MacBook-Pro.local" failures="0" tests="1" name="CiscoMeraki.TestRunner" time="9.049" errors="0" timestamp="2020-08-10T23:25:25 EET" skipped="0">
  <testcase classname="CiscoMeraki.TestRunner" name="myTestCaseIMDB" time="9.049"/>
  <system-out/>
</testsuite> <!-- CiscoMeraki.TestRunner -->
